{"numFailedTestSuites":1,"numFailedTests":1,"numPassedTestSuites":0,"numPassedTests":0,"numPendingTestSuites":0,"numPendingTests":11,"numRuntimeErrorTestSuites":0,"numTodoTests":0,"numTotalTestSuites":1,"numTotalTests":12,"openHandles":[],"snapshot":{"added":0,"didUpdate":false,"failure":false,"filesAdded":0,"filesRemoved":0,"filesRemovedList":[],"filesUnmatched":0,"filesUpdated":0,"matched":0,"total":0,"unchecked":0,"uncheckedKeysByFile":[],"unmatched":0,"updated":0},"startTime":1758040320867,"success":false,"testResults":[{"assertionResults":[{"ancestorTitles":["GifEncoder","Initialization"],"duration":null,"failureDetails":[],"failureMessages":[],"fullName":"GifEncoder Initialization should create encoder instance","invocations":1,"location":null,"numPassingAsserts":0,"retryReasons":[],"status":"pending","title":"should create encoder instance"},{"ancestorTitles":["GifEncoder","Frame Encoding"],"duration":23,"failureDetails":[{"matcherResult":{"message":"expect(jest.fn()).toHaveBeenCalled()\n\nExpected number of calls: >= 1\nReceived number of calls:    0","pass":false}}],"failureMessages":["Error: expect(jest.fn()).toHaveBeenCalled()\n\nExpected number of calls: >= 1\nReceived number of calls:    0\n    at Object.<anonymous> (/Users/jeremywatt/Desktop/ytgiphy/tests/unit/processing/gif-encoder.test.ts:137:38)\n    at Promise.then.completed (/Users/jeremywatt/Desktop/ytgiphy/node_modules/jest-circus/build/utils.js:298:28)\n    at new Promise (<anonymous>)\n    at callAsyncCircusFn (/Users/jeremywatt/Desktop/ytgiphy/node_modules/jest-circus/build/utils.js:231:10)\n    at _callCircusTest (/Users/jeremywatt/Desktop/ytgiphy/node_modules/jest-circus/build/run.js:316:40)\n    at _runTest (/Users/jeremywatt/Desktop/ytgiphy/node_modules/jest-circus/build/run.js:252:3)\n    at _runTestsForDescribeBlock (/Users/jeremywatt/Desktop/ytgiphy/node_modules/jest-circus/build/run.js:126:9)\n    at _runTestsForDescribeBlock (/Users/jeremywatt/Desktop/ytgiphy/node_modules/jest-circus/build/run.js:121:9)\n    at _runTestsForDescribeBlock (/Users/jeremywatt/Desktop/ytgiphy/node_modules/jest-circus/build/run.js:121:9)\n    at run (/Users/jeremywatt/Desktop/ytgiphy/node_modules/jest-circus/build/run.js:71:3)\n    at runAndTransformResultsToJestFormat (/Users/jeremywatt/Desktop/ytgiphy/node_modules/jest-circus/build/legacy-code-todo-rewrite/jestAdapterInit.js:122:21)\n    at jestAdapter (/Users/jeremywatt/Desktop/ytgiphy/node_modules/jest-circus/build/legacy-code-todo-rewrite/jestAdapter.js:79:19)\n    at runTestInternal (/Users/jeremywatt/Desktop/ytgiphy/node_modules/jest-runner/build/runTest.js:367:16)\n    at runTest (/Users/jeremywatt/Desktop/ytgiphy/node_modules/jest-runner/build/runTest.js:444:34)"],"fullName":"GifEncoder Frame Encoding should encode frames to GIF","invocations":1,"location":null,"numPassingAsserts":0,"retryReasons":[],"status":"failed","title":"should encode frames to GIF"},{"ancestorTitles":["GifEncoder","Frame Encoding"],"duration":null,"failureDetails":[],"failureMessages":[],"fullName":"GifEncoder Frame Encoding should report progress during encoding","invocations":1,"location":null,"numPassingAsserts":0,"retryReasons":[],"status":"pending","title":"should report progress during encoding"},{"ancestorTitles":["GifEncoder","Frame Encoding"],"duration":null,"failureDetails":[],"failureMessages":[],"fullName":"GifEncoder Frame Encoding should handle abort signal","invocations":1,"location":null,"numPassingAsserts":0,"retryReasons":[],"status":"pending","title":"should handle abort signal"},{"ancestorTitles":["GifEncoder","Frame Encoding"],"duration":null,"failureDetails":[],"failureMessages":[],"fullName":"GifEncoder Frame Encoding should handle encoding errors","invocations":1,"location":null,"numPassingAsserts":0,"retryReasons":[],"status":"pending","title":"should handle encoding errors"},{"ancestorTitles":["GifEncoder","Quality Presets"],"duration":null,"failureDetails":[],"failureMessages":[],"fullName":"GifEncoder Quality Presets should apply quality preset settings","invocations":1,"location":null,"numPassingAsserts":0,"retryReasons":[],"status":"pending","title":"should apply quality preset settings"},{"ancestorTitles":["GifEncoder","Performance Metrics"],"duration":null,"failureDetails":[],"failureMessages":[],"fullName":"GifEncoder Performance Metrics should track performance metrics","invocations":1,"location":null,"numPassingAsserts":0,"retryReasons":[],"status":"pending","title":"should track performance metrics"},{"ancestorTitles":["GifEncoder","Memory Management"],"duration":null,"failureDetails":[],"failureMessages":[],"fullName":"GifEncoder Memory Management should handle large frame sets efficiently","invocations":1,"location":null,"numPassingAsserts":0,"retryReasons":[],"status":"pending","title":"should handle large frame sets efficiently"},{"ancestorTitles":["GifEncoder","Memory Management"],"duration":null,"failureDetails":[],"failureMessages":[],"fullName":"GifEncoder Memory Management should clean up resources after encoding","invocations":1,"location":null,"numPassingAsserts":0,"retryReasons":[],"status":"pending","title":"should clean up resources after encoding"},{"ancestorTitles":["GifEncoder","Custom Options"],"duration":null,"failureDetails":[],"failureMessages":[],"fullName":"GifEncoder Custom Options should apply custom encoding options","invocations":1,"location":null,"numPassingAsserts":0,"retryReasons":[],"status":"pending","title":"should apply custom encoding options"},{"ancestorTitles":["GifEncoder","Edge Cases"],"duration":null,"failureDetails":[],"failureMessages":[],"fullName":"GifEncoder Edge Cases should handle empty frame array","invocations":1,"location":null,"numPassingAsserts":0,"retryReasons":[],"status":"pending","title":"should handle empty frame array"},{"ancestorTitles":["GifEncoder","Edge Cases"],"duration":null,"failureDetails":[],"failureMessages":[],"fullName":"GifEncoder Edge Cases should prevent concurrent encoding","invocations":1,"location":null,"numPassingAsserts":0,"retryReasons":[],"status":"pending","title":"should prevent concurrent encoding"}],"endTime":1758040321635,"message":"  ● GifEncoder › Frame Encoding › should encode frames to GIF\n\n    expect(jest.fn()).toHaveBeenCalled()\n\n    Expected number of calls: >= 1\n    Received number of calls:    0\n\n      135 |\n      136 |       // Trigger render\n    > 137 |       expect(mockGifInstance.render).toHaveBeenCalled();\n          |                                      ^\n      138 |\n      139 |       const result = await promise;\n      140 |\n\n      at Object.<anonymous> (tests/unit/processing/gif-encoder.test.ts:137:38)\n","name":"/Users/jeremywatt/Desktop/ytgiphy/tests/unit/processing/gif-encoder.test.ts","startTime":1758040321038,"status":"failed","summary":""}],"wasInterrupted":false}
